Nov 10, 2009 9:10:34 PM org.apache.catalina.core.AprLifecycleListener lifecycleEvent
INFO: The Apache Tomcat Native library which allows optimal performance in production environments was not found on the java.library.path: F:\projects\WebGoat_5_3\java\bin;.;C:\WINDOWS\Sun\Java\bin;C:\WINDOWS\system32;C:\WINDOWS;C:\WINDOWS\system32;C:\WINDOWS;C:\WINDOWS\System32\Wbem;C:\WINDOWS\system32\WindowsPowerShell\v1.0;C:\Program Files\Java\jdk1.6.0_13\bin;C:\Program Files\apache-maven-2.1.0\bin;C:\Program Files\apache-ant-1.7.1\bin;C:\cygwin\bin;c:\Program Files\Microsoft SQL Server\90\Tools\binn\;C:\Program Files\Ounce Labs\bin;C:\Program Files\Ounce Labs\MySQL\bin;C:\Program Files\TortoiseSVN\bin;C:\Program Files\IBM\AppScan Source\bin
Nov 10, 2009 9:10:35 PM org.apache.coyote.http11.Http11BaseProtocol init
INFO: Initializing Coyote HTTP/1.1 on http-127.0.0.1-8080
Nov 10, 2009 9:10:35 PM org.apache.coyote.http11.Http11BaseProtocol init
SEVERE: Error initializing endpoint
java.io.FileNotFoundException: C:\Documents and Settings\Administrator\.keystore (The system cannot find the file specified)
	at java.io.FileInputStream.open(Native Method)
	at java.io.FileInputStream.<init>(FileInputStream.java:106)
	at org.apache.tomcat.util.net.jsse.JSSESocketFactory.getStore(JSSESocketFactory.java:290)
	at org.apache.tomcat.util.net.jsse.JSSESocketFactory.getKeystore(JSSESocketFactory.java:233)
	at org.apache.tomcat.util.net.jsse.JSSE14SocketFactory.getKeyManagers(JSSE14SocketFactory.java:145)
	at org.apache.tomcat.util.net.jsse.JSSE14SocketFactory.init(JSSE14SocketFactory.java:110)
	at org.apache.tomcat.util.net.jsse.JSSESocketFactory.createSocket(JSSESocketFactory.java:105)
	at org.apache.tomcat.util.net.PoolTcpEndpoint.initEndpoint(PoolTcpEndpoint.java:295)
	at org.apache.coyote.http11.Http11BaseProtocol.init(Http11BaseProtocol.java:139)
	at org.apache.catalina.connector.Connector.initialize(Connector.java:1017)
	at org.apache.catalina.core.StandardService.initialize(StandardService.java:578)
	at org.apache.catalina.core.StandardServer.initialize(StandardServer.java:782)
	at org.apache.catalina.startup.Catalina.load(Catalina.java:504)
	at org.apache.catalina.startup.Catalina.load(Catalina.java:524)
	at sun.reflect.NativeMethodAccessorImpl.invoke0(Native Method)
	at sun.reflect.NativeMethodAccessorImpl.invoke(NativeMethodAccessorImpl.java:39)
	at sun.reflect.DelegatingMethodAccessorImpl.invoke(DelegatingMethodAccessorImpl.java:25)
	at java.lang.reflect.Method.invoke(Method.java:597)
	at org.apache.catalina.startup.Bootstrap.load(Bootstrap.java:267)
	at org.apache.catalina.startup.Bootstrap.main(Bootstrap.java:432)
Nov 10, 2009 9:10:35 PM org.apache.catalina.startup.Catalina load
SEVERE: Catalina.start
LifecycleException:  Protocol handler initialization failed: java.io.FileNotFoundException: C:\Documents and Settings\Administrator\.keystore (The system cannot find the file specified)
	at org.apache.catalina.connector.Connector.initialize(Connector.java:1019)
	at org.apache.catalina.core.StandardService.initialize(StandardService.java:578)
	at org.apache.catalina.core.StandardServer.initialize(StandardServer.java:782)
	at org.apache.catalina.startup.Catalina.load(Catalina.java:504)
	at org.apache.catalina.startup.Catalina.load(Catalina.java:524)
	at sun.reflect.NativeMethodAccessorImpl.invoke0(Native Method)
	at sun.reflect.NativeMethodAccessorImpl.invoke(NativeMethodAccessorImpl.java:39)
	at sun.reflect.DelegatingMethodAccessorImpl.invoke(DelegatingMethodAccessorImpl.java:25)
	at java.lang.reflect.Method.invoke(Method.java:597)
	at org.apache.catalina.startup.Bootstrap.load(Bootstrap.java:267)
	at org.apache.catalina.startup.Bootstrap.main(Bootstrap.java:432)
Nov 10, 2009 9:10:35 PM org.apache.catalina.startup.Catalina load
INFO: Initialization processed in 1000 ms
Nov 10, 2009 9:10:35 PM org.apache.catalina.core.StandardService start
INFO: Starting service Catalina
Nov 10, 2009 9:10:35 PM org.apache.catalina.core.StandardEngine start
INFO: Starting Servlet Engine: Apache Tomcat/5.5.28
Nov 10, 2009 9:10:35 PM org.apache.catalina.core.StandardHost start
INFO: XML validation disabled
Nov 10, 2009 9:10:35 PM org.apache.catalina.startup.HostConfig deployWAR
INFO: Deploying web application archive webgoat.war
Nov 10, 2009 9:10:45 PM org.apache.coyote.http11.Http11BaseProtocol start
INFO: Starting Coyote HTTP/1.1 on http-127.0.0.1-8080
Nov 10, 2009 9:10:45 PM org.apache.coyote.http11.Http11BaseProtocol start
SEVERE: Error starting endpoint
java.io.FileNotFoundException: C:\Documents and Settings\Administrator\.keystore (The system cannot find the file specified)
	at java.io.FileInputStream.open(Native Method)
	at java.io.FileInputStream.<init>(FileInputStream.java:106)
	at org.apache.tomcat.util.net.jsse.JSSESocketFactory.getStore(JSSESocketFactory.java:290)
	at org.apache.tomcat.util.net.jsse.JSSESocketFactory.getKeystore(JSSESocketFactory.java:233)
	at org.apache.tomcat.util.net.jsse.JSSE14SocketFactory.getKeyManagers(JSSE14SocketFactory.java:145)
	at org.apache.tomcat.util.net.jsse.JSSE14SocketFactory.init(JSSE14SocketFactory.java:110)
	at org.apache.tomcat.util.net.jsse.JSSESocketFactory.createSocket(JSSESocketFactory.java:105)
	at org.apache.tomcat.util.net.PoolTcpEndpoint.initEndpoint(PoolTcpEndpoint.java:295)
	at org.apache.tomcat.util.net.PoolTcpEndpoint.startEndpoint(PoolTcpEndpoint.java:313)
	at org.apache.coyote.http11.Http11BaseProtocol.start(Http11BaseProtocol.java:151)
	at org.apache.coyote.http11.Http11Protocol.start(Http11Protocol.java:76)
	at org.apache.catalina.connector.Connector.start(Connector.java:1090)
	at org.apache.catalina.core.StandardService.start(StandardService.java:457)
	at org.apache.catalina.core.StandardServer.start(StandardServer.java:700)
	at org.apache.catalina.startup.Catalina.start(Catalina.java:552)
	at sun.reflect.NativeMethodAccessorImpl.invoke0(Native Method)
	at sun.reflect.NativeMethodAccessorImpl.invoke(NativeMethodAccessorImpl.java:39)
	at sun.reflect.DelegatingMethodAccessorImpl.invoke(DelegatingMethodAccessorImpl.java:25)
	at java.lang.reflect.Method.invoke(Method.java:597)
	at org.apache.catalina.startup.Bootstrap.start(Bootstrap.java:295)
	at org.apache.catalina.startup.Bootstrap.main(Bootstrap.java:433)
Nov 10, 2009 9:10:46 PM org.apache.catalina.startup.Catalina start
SEVERE: Catalina.start: 
LifecycleException:  service.getName(): "Catalina";  Protocol handler start failed: java.io.FileNotFoundException: C:\Documents and Settings\Administrator\.keystore (The system cannot find the file specified)
	at org.apache.catalina.connector.Connector.start(Connector.java:1097)
	at org.apache.catalina.core.StandardService.start(StandardService.java:457)
	at org.apache.catalina.core.StandardServer.start(StandardServer.java:700)
	at org.apache.catalina.startup.Catalina.start(Catalina.java:552)
	at sun.reflect.NativeMethodAccessorImpl.invoke0(Native Method)
	at sun.reflect.NativeMethodAccessorImpl.invoke(NativeMethodAccessorImpl.java:39)
	at sun.reflect.DelegatingMethodAccessorImpl.invoke(DelegatingMethodAccessorImpl.java:25)
	at java.lang.reflect.Method.invoke(Method.java:597)
	at org.apache.catalina.startup.Bootstrap.start(Bootstrap.java:295)
	at org.apache.catalina.startup.Bootstrap.main(Bootstrap.java:433)
Nov 10, 2009 9:10:46 PM org.apache.catalina.startup.Catalina start
INFO: Server startup in 10860 ms
Nov 10, 2009 9:12:46 PM org.apache.coyote.http11.Http11BaseProtocol pause
INFO: Pausing Coyote HTTP/1.1 on http-127.0.0.1-8080
Nov 10, 2009 9:12:46 PM org.apache.coyote.http11.Http11BaseProtocol pause
INFO: Pausing Coyote HTTP/1.1 on http-127.0.0.1-8443
Nov 10, 2009 9:12:47 PM org.apache.catalina.core.StandardService stop
INFO: Stopping service Catalina
Nov 10, 2009 9:12:47 PM org.apache.coyote.http11.Http11BaseProtocol destroy
INFO: Stopping Coyote HTTP/1.1 on http-127.0.0.1-8080
Nov 10, 2009 9:12:47 PM org.apache.catalina.connector.MapperListener destroy
WARNING: Error unregistering MBeanServerDelegate
java.lang.NullPointerException
	at org.apache.catalina.connector.MapperListener.destroy(MapperListener.java:173)
	at org.apache.catalina.connector.Connector.stop(Connector.java:1138)
	at org.apache.catalina.core.StandardService.stop(StandardService.java:519)
	at org.apache.catalina.core.StandardServer.stop(StandardServer.java:734)
	at org.apache.catalina.startup.Catalina.stop(Catalina.java:602)
	at org.apache.catalina.startup.Catalina$CatalinaShutdownHook.run(Catalina.java:645)
Nov 10, 2009 9:12:47 PM org.apache.coyote.http11.Http11BaseProtocol destroy
INFO: Stopping Coyote HTTP/1.1 on http-127.0.0.1-8443
Nov 10, 2009 9:12:47 PM org.apache.catalina.connector.Connector stop
SEVERE: Coyote connector has not been started
Nov 10, 2009 9:12:47 PM org.apache.catalina.core.AprLifecycleListener lifecycleEvent
INFO: Failed shutdown of Apache Portable Runtime
Nov 10, 2009 9:12:51 PM org.apache.catalina.core.AprLifecycleListener lifecycleEvent
INFO: The Apache Tomcat Native library which allows optimal performance in production environments was not found on the java.library.path: F:\projects\WebGoat_5_3\java\bin;.;C:\WINDOWS\Sun\Java\bin;C:\WINDOWS\system32;C:\WINDOWS;C:\WINDOWS\system32;C:\WINDOWS;C:\WINDOWS\System32\Wbem;C:\WINDOWS\system32\WindowsPowerShell\v1.0;C:\Program Files\Java\jdk1.6.0_13\bin;C:\Program Files\apache-maven-2.1.0\bin;C:\Program Files\apache-ant-1.7.1\bin;C:\cygwin\bin;c:\Program Files\Microsoft SQL Server\90\Tools\binn\;C:\Program Files\Ounce Labs\bin;C:\Program Files\Ounce Labs\MySQL\bin;C:\Program Files\TortoiseSVN\bin;C:\Program Files\IBM\AppScan Source\bin
Nov 10, 2009 9:12:51 PM org.apache.coyote.http11.Http11BaseProtocol init
INFO: Initializing Coyote HTTP/1.1 on http-127.0.0.1-80
Nov 10, 2009 9:12:51 PM org.apache.coyote.http11.Http11BaseProtocol init
SEVERE: Error initializing endpoint
java.io.FileNotFoundException: C:\Documents and Settings\Administrator\.keystore (The system cannot find the file specified)
	at java.io.FileInputStream.open(Native Method)
	at java.io.FileInputStream.<init>(FileInputStream.java:106)
	at org.apache.tomcat.util.net.jsse.JSSESocketFactory.getStore(JSSESocketFactory.java:290)
	at org.apache.tomcat.util.net.jsse.JSSESocketFactory.getKeystore(JSSESocketFactory.java:233)
	at org.apache.tomcat.util.net.jsse.JSSE14SocketFactory.getKeyManagers(JSSE14SocketFactory.java:145)
	at org.apache.tomcat.util.net.jsse.JSSE14SocketFactory.init(JSSE14SocketFactory.java:110)
	at org.apache.tomcat.util.net.jsse.JSSESocketFactory.createSocket(JSSESocketFactory.java:105)
	at org.apache.tomcat.util.net.PoolTcpEndpoint.initEndpoint(PoolTcpEndpoint.java:295)
	at org.apache.coyote.http11.Http11BaseProtocol.init(Http11BaseProtocol.java:139)
	at org.apache.catalina.connector.Connector.initialize(Connector.java:1017)
	at org.apache.catalina.core.StandardService.initialize(StandardService.java:578)
	at org.apache.catalina.core.StandardServer.initialize(StandardServer.java:782)
	at org.apache.catalina.startup.Catalina.load(Catalina.java:504)
	at org.apache.catalina.startup.Catalina.load(Catalina.java:524)
	at sun.reflect.NativeMethodAccessorImpl.invoke0(Native Method)
	at sun.reflect.NativeMethodAccessorImpl.invoke(NativeMethodAccessorImpl.java:39)
	at sun.reflect.DelegatingMethodAccessorImpl.invoke(DelegatingMethodAccessorImpl.java:25)
	at java.lang.reflect.Method.invoke(Method.java:597)
	at org.apache.catalina.startup.Bootstrap.load(Bootstrap.java:267)
	at org.apache.catalina.startup.Bootstrap.main(Bootstrap.java:432)
Nov 10, 2009 9:12:51 PM org.apache.catalina.startup.Catalina load
SEVERE: Catalina.start
LifecycleException:  Protocol handler initialization failed: java.io.FileNotFoundException: C:\Documents and Settings\Administrator\.keystore (The system cannot find the file specified)
	at org.apache.catalina.connector.Connector.initialize(Connector.java:1019)
	at org.apache.catalina.core.StandardService.initialize(StandardService.java:578)
	at org.apache.catalina.core.StandardServer.initialize(StandardServer.java:782)
	at org.apache.catalina.startup.Catalina.load(Catalina.java:504)
	at org.apache.catalina.startup.Catalina.load(Catalina.java:524)
	at sun.reflect.NativeMethodAccessorImpl.invoke0(Native Method)
	at sun.reflect.NativeMethodAccessorImpl.invoke(NativeMethodAccessorImpl.java:39)
	at sun.reflect.DelegatingMethodAccessorImpl.invoke(DelegatingMethodAccessorImpl.java:25)
	at java.lang.reflect.Method.invoke(Method.java:597)
	at org.apache.catalina.startup.Bootstrap.load(Bootstrap.java:267)
	at org.apache.catalina.startup.Bootstrap.main(Bootstrap.java:432)
Nov 10, 2009 9:12:51 PM org.apache.catalina.startup.Catalina load
INFO: Initialization processed in 484 ms
Nov 10, 2009 9:12:51 PM org.apache.catalina.core.StandardService start
INFO: Starting service Catalina
Nov 10, 2009 9:12:51 PM org.apache.catalina.core.StandardEngine start
INFO: Starting Servlet Engine: Apache Tomcat/5.5.28
Nov 10, 2009 9:12:51 PM org.apache.catalina.core.StandardHost start
INFO: XML validation disabled
Nov 10, 2009 9:12:52 PM org.apache.catalina.startup.HostConfig deployWAR
INFO: Deploying web application archive webgoat.war
Nov 10, 2009 9:12:52 PM org.apache.coyote.http11.Http11BaseProtocol start
INFO: Starting Coyote HTTP/1.1 on http-127.0.0.1-80
Nov 10, 2009 9:12:52 PM org.apache.coyote.http11.Http11BaseProtocol start
SEVERE: Error starting endpoint
java.io.FileNotFoundException: C:\Documents and Settings\Administrator\.keystore (The system cannot find the file specified)
	at java.io.FileInputStream.open(Native Method)
	at java.io.FileInputStream.<init>(FileInputStream.java:106)
	at org.apache.tomcat.util.net.jsse.JSSESocketFactory.getStore(JSSESocketFactory.java:290)
	at org.apache.tomcat.util.net.jsse.JSSESocketFactory.getKeystore(JSSESocketFactory.java:233)
	at org.apache.tomcat.util.net.jsse.JSSE14SocketFactory.getKeyManagers(JSSE14SocketFactory.java:145)
	at org.apache.tomcat.util.net.jsse.JSSE14SocketFactory.init(JSSE14SocketFactory.java:110)
	at org.apache.tomcat.util.net.jsse.JSSESocketFactory.createSocket(JSSESocketFactory.java:105)
	at org.apache.tomcat.util.net.PoolTcpEndpoint.initEndpoint(PoolTcpEndpoint.java:295)
	at org.apache.tomcat.util.net.PoolTcpEndpoint.startEndpoint(PoolTcpEndpoint.java:313)
	at org.apache.coyote.http11.Http11BaseProtocol.start(Http11BaseProtocol.java:151)
	at org.apache.coyote.http11.Http11Protocol.start(Http11Protocol.java:76)
	at org.apache.catalina.connector.Connector.start(Connector.java:1090)
	at org.apache.catalina.core.StandardService.start(StandardService.java:457)
	at org.apache.catalina.core.StandardServer.start(StandardServer.java:700)
	at org.apache.catalina.startup.Catalina.start(Catalina.java:552)
	at sun.reflect.NativeMethodAccessorImpl.invoke0(Native Method)
	at sun.reflect.NativeMethodAccessorImpl.invoke(NativeMethodAccessorImpl.java:39)
	at sun.reflect.DelegatingMethodAccessorImpl.invoke(DelegatingMethodAccessorImpl.java:25)
	at java.lang.reflect.Method.invoke(Method.java:597)
	at org.apache.catalina.startup.Bootstrap.start(Bootstrap.java:295)
	at org.apache.catalina.startup.Bootstrap.main(Bootstrap.java:433)
Nov 10, 2009 9:12:52 PM org.apache.catalina.startup.Catalina start
SEVERE: Catalina.start: 
LifecycleException:  service.getName(): "Catalina";  Protocol handler start failed: java.io.FileNotFoundException: C:\Documents and Settings\Administrator\.keystore (The system cannot find the file specified)
	at org.apache.catalina.connector.Connector.start(Connector.java:1097)
	at org.apache.catalina.core.StandardService.start(StandardService.java:457)
	at org.apache.catalina.core.StandardServer.start(StandardServer.java:700)
	at org.apache.catalina.startup.Catalina.start(Catalina.java:552)
	at sun.reflect.NativeMethodAccessorImpl.invoke0(Native Method)
	at sun.reflect.NativeMethodAccessorImpl.invoke(NativeMethodAccessorImpl.java:39)
	at sun.reflect.DelegatingMethodAccessorImpl.invoke(DelegatingMethodAccessorImpl.java:25)
	at java.lang.reflect.Method.invoke(Method.java:597)
	at org.apache.catalina.startup.Bootstrap.start(Bootstrap.java:295)
	at org.apache.catalina.startup.Bootstrap.main(Bootstrap.java:433)
Nov 10, 2009 9:12:52 PM org.apache.catalina.startup.Catalina start
INFO: Server startup in 1031 ms
Nov 10, 2009 9:28:03 PM org.apache.catalina.startup.HostConfig deployWAR
INFO: Deploying web application archive webgoat-5.3-SNAPSHOT.war
Nov 10, 2009 9:28:26 PM org.apache.coyote.http11.Http11BaseProtocol pause
INFO: Pausing Coyote HTTP/1.1 on http-127.0.0.1-80
Nov 10, 2009 9:28:26 PM org.apache.coyote.http11.Http11BaseProtocol pause
INFO: Pausing Coyote HTTP/1.1 on http-127.0.0.1-443
Nov 10, 2009 9:28:27 PM org.apache.catalina.core.StandardService stop
INFO: Stopping service Catalina
Nov 10, 2009 9:28:28 PM org.apache.coyote.http11.Http11BaseProtocol destroy
INFO: Stopping Coyote HTTP/1.1 on http-127.0.0.1-80
Nov 10, 2009 9:28:28 PM org.apache.catalina.connector.MapperListener destroy
WARNING: Error unregistering MBeanServerDelegate
java.lang.NullPointerException
	at org.apache.catalina.connector.MapperListener.destroy(MapperListener.java:173)
	at org.apache.catalina.connector.Connector.stop(Connector.java:1138)
	at org.apache.catalina.core.StandardService.stop(StandardService.java:519)
	at org.apache.catalina.core.StandardServer.stop(StandardServer.java:734)
	at org.apache.catalina.startup.Catalina.stop(Catalina.java:602)
	at org.apache.catalina.startup.Catalina$CatalinaShutdownHook.run(Catalina.java:645)
Nov 10, 2009 9:28:28 PM org.apache.coyote.http11.Http11BaseProtocol destroy
INFO: Stopping Coyote HTTP/1.1 on http-127.0.0.1-443
Nov 10, 2009 9:28:28 PM org.apache.catalina.connector.Connector stop
SEVERE: Coyote connector has not been started
Nov 10, 2009 9:28:28 PM org.apache.catalina.core.AprLifecycleListener lifecycleEvent
INFO: Failed shutdown of Apache Portable Runtime
Nov 10, 2009 9:28:54 PM org.apache.catalina.core.AprLifecycleListener lifecycleEvent
INFO: The Apache Tomcat Native library which allows optimal performance in production environments was not found on the java.library.path: F:\projects\WebGoat_5_3\java\bin;.;C:\WINDOWS\Sun\Java\bin;C:\WINDOWS\system32;C:\WINDOWS;C:\WINDOWS\system32;C:\WINDOWS;C:\WINDOWS\System32\Wbem;C:\WINDOWS\system32\WindowsPowerShell\v1.0;C:\Program Files\Java\jdk1.6.0_13\bin;C:\Program Files\apache-maven-2.1.0\bin;C:\Program Files\apache-ant-1.7.1\bin;C:\cygwin\bin;c:\Program Files\Microsoft SQL Server\90\Tools\binn\;C:\Program Files\Ounce Labs\bin;C:\Program Files\Ounce Labs\MySQL\bin;C:\Program Files\TortoiseSVN\bin;C:\Program Files\IBM\AppScan Source\bin
Nov 10, 2009 9:28:54 PM org.apache.coyote.http11.Http11BaseProtocol init
INFO: Initializing Coyote HTTP/1.1 on http-127.0.0.1-80
Nov 10, 2009 9:28:54 PM org.apache.coyote.http11.Http11BaseProtocol init
SEVERE: Error initializing endpoint
java.io.FileNotFoundException: C:\Documents and Settings\Administrator\.keystore (The system cannot find the file specified)
	at java.io.FileInputStream.open(Native Method)
	at java.io.FileInputStream.<init>(FileInputStream.java:106)
	at org.apache.tomcat.util.net.jsse.JSSESocketFactory.getStore(JSSESocketFactory.java:290)
	at org.apache.tomcat.util.net.jsse.JSSESocketFactory.getKeystore(JSSESocketFactory.java:233)
	at org.apache.tomcat.util.net.jsse.JSSE14SocketFactory.getKeyManagers(JSSE14SocketFactory.java:145)
	at org.apache.tomcat.util.net.jsse.JSSE14SocketFactory.init(JSSE14SocketFactory.java:110)
	at org.apache.tomcat.util.net.jsse.JSSESocketFactory.createSocket(JSSESocketFactory.java:105)
	at org.apache.tomcat.util.net.PoolTcpEndpoint.initEndpoint(PoolTcpEndpoint.java:295)
	at org.apache.coyote.http11.Http11BaseProtocol.init(Http11BaseProtocol.java:139)
	at org.apache.catalina.connector.Connector.initialize(Connector.java:1017)
	at org.apache.catalina.core.StandardService.initialize(StandardService.java:578)
	at org.apache.catalina.core.StandardServer.initialize(StandardServer.java:782)
	at org.apache.catalina.startup.Catalina.load(Catalina.java:504)
	at org.apache.catalina.startup.Catalina.load(Catalina.java:524)
	at sun.reflect.NativeMethodAccessorImpl.invoke0(Native Method)
	at sun.reflect.NativeMethodAccessorImpl.invoke(NativeMethodAccessorImpl.java:39)
	at sun.reflect.DelegatingMethodAccessorImpl.invoke(DelegatingMethodAccessorImpl.java:25)
	at java.lang.reflect.Method.invoke(Method.java:597)
	at org.apache.catalina.startup.Bootstrap.load(Bootstrap.java:267)
	at org.apache.catalina.startup.Bootstrap.main(Bootstrap.java:432)
Nov 10, 2009 9:28:54 PM org.apache.catalina.startup.Catalina load
SEVERE: Catalina.start
LifecycleException:  Protocol handler initialization failed: java.io.FileNotFoundException: C:\Documents and Settings\Administrator\.keystore (The system cannot find the file specified)
	at org.apache.catalina.connector.Connector.initialize(Connector.java:1019)
	at org.apache.catalina.core.StandardService.initialize(StandardService.java:578)
	at org.apache.catalina.core.StandardServer.initialize(StandardServer.java:782)
	at org.apache.catalina.startup.Catalina.load(Catalina.java:504)
	at org.apache.catalina.startup.Catalina.load(Catalina.java:524)
	at sun.reflect.NativeMethodAccessorImpl.invoke0(Native Method)
	at sun.reflect.NativeMethodAccessorImpl.invoke(NativeMethodAccessorImpl.java:39)
	at sun.reflect.DelegatingMethodAccessorImpl.invoke(DelegatingMethodAccessorImpl.java:25)
	at java.lang.reflect.Method.invoke(Method.java:597)
	at org.apache.catalina.startup.Bootstrap.load(Bootstrap.java:267)
	at org.apache.catalina.startup.Bootstrap.main(Bootstrap.java:432)
Nov 10, 2009 9:28:54 PM org.apache.catalina.startup.Catalina load
INFO: Initialization processed in 500 ms
Nov 10, 2009 9:28:54 PM org.apache.catalina.core.StandardService start
INFO: Starting service Catalina
Nov 10, 2009 9:28:54 PM org.apache.catalina.core.StandardEngine start
INFO: Starting Servlet Engine: Apache Tomcat/5.5.28
Nov 10, 2009 9:28:54 PM org.apache.catalina.core.StandardHost start
INFO: XML validation disabled
Nov 10, 2009 9:28:55 PM org.apache.catalina.startup.HostConfig deployWAR
INFO: Deploying web application archive webgoat.war
Nov 10, 2009 9:29:03 PM org.apache.coyote.http11.Http11BaseProtocol start
INFO: Starting Coyote HTTP/1.1 on http-127.0.0.1-80
Nov 10, 2009 9:29:04 PM org.apache.coyote.http11.Http11BaseProtocol start
SEVERE: Error starting endpoint
java.io.FileNotFoundException: C:\Documents and Settings\Administrator\.keystore (The system cannot find the file specified)
	at java.io.FileInputStream.open(Native Method)
	at java.io.FileInputStream.<init>(FileInputStream.java:106)
	at org.apache.tomcat.util.net.jsse.JSSESocketFactory.getStore(JSSESocketFactory.java:290)
	at org.apache.tomcat.util.net.jsse.JSSESocketFactory.getKeystore(JSSESocketFactory.java:233)
	at org.apache.tomcat.util.net.jsse.JSSE14SocketFactory.getKeyManagers(JSSE14SocketFactory.java:145)
	at org.apache.tomcat.util.net.jsse.JSSE14SocketFactory.init(JSSE14SocketFactory.java:110)
	at org.apache.tomcat.util.net.jsse.JSSESocketFactory.createSocket(JSSESocketFactory.java:105)
	at org.apache.tomcat.util.net.PoolTcpEndpoint.initEndpoint(PoolTcpEndpoint.java:295)
	at org.apache.tomcat.util.net.PoolTcpEndpoint.startEndpoint(PoolTcpEndpoint.java:313)
	at org.apache.coyote.http11.Http11BaseProtocol.start(Http11BaseProtocol.java:151)
	at org.apache.coyote.http11.Http11Protocol.start(Http11Protocol.java:76)
	at org.apache.catalina.connector.Connector.start(Connector.java:1090)
	at org.apache.catalina.core.StandardService.start(StandardService.java:457)
	at org.apache.catalina.core.StandardServer.start(StandardServer.java:700)
	at org.apache.catalina.startup.Catalina.start(Catalina.java:552)
	at sun.reflect.NativeMethodAccessorImpl.invoke0(Native Method)
	at sun.reflect.NativeMethodAccessorImpl.invoke(NativeMethodAccessorImpl.java:39)
	at sun.reflect.DelegatingMethodAccessorImpl.invoke(DelegatingMethodAccessorImpl.java:25)
	at java.lang.reflect.Method.invoke(Method.java:597)
	at org.apache.catalina.startup.Bootstrap.start(Bootstrap.java:295)
	at org.apache.catalina.startup.Bootstrap.main(Bootstrap.java:433)
Nov 10, 2009 9:29:04 PM org.apache.catalina.startup.Catalina start
SEVERE: Catalina.start: 
LifecycleException:  service.getName(): "Catalina";  Protocol handler start failed: java.io.FileNotFoundException: C:\Documents and Settings\Administrator\.keystore (The system cannot find the file specified)
	at org.apache.catalina.connector.Connector.start(Connector.java:1097)
	at org.apache.catalina.core.StandardService.start(StandardService.java:457)
	at org.apache.catalina.core.StandardServer.start(StandardServer.java:700)
	at org.apache.catalina.startup.Catalina.start(Catalina.java:552)
	at sun.reflect.NativeMethodAccessorImpl.invoke0(Native Method)
	at sun.reflect.NativeMethodAccessorImpl.invoke(NativeMethodAccessorImpl.java:39)
	at sun.reflect.DelegatingMethodAccessorImpl.invoke(DelegatingMethodAccessorImpl.java:25)
	at java.lang.reflect.Method.invoke(Method.java:597)
	at org.apache.catalina.startup.Bootstrap.start(Bootstrap.java:295)
	at org.apache.catalina.startup.Bootstrap.main(Bootstrap.java:433)
Nov 10, 2009 9:29:04 PM org.apache.catalina.startup.Catalina start
INFO: Server startup in 9438 ms
Nov 10, 2009 9:38:09 PM org.apache.coyote.http11.Http11BaseProtocol pause
INFO: Pausing Coyote HTTP/1.1 on http-127.0.0.1-80
Nov 10, 2009 9:38:09 PM org.apache.coyote.http11.Http11BaseProtocol pause
INFO: Pausing Coyote HTTP/1.1 on http-127.0.0.1-443
Nov 10, 2009 9:38:10 PM org.apache.catalina.core.StandardService stop
INFO: Stopping service Catalina
Nov 10, 2009 9:38:10 PM org.apache.coyote.http11.Http11BaseProtocol destroy
INFO: Stopping Coyote HTTP/1.1 on http-127.0.0.1-80
Nov 10, 2009 9:38:10 PM org.apache.catalina.connector.MapperListener destroy
WARNING: Error unregistering MBeanServerDelegate
java.lang.NullPointerException
	at org.apache.catalina.connector.MapperListener.destroy(MapperListener.java:173)
	at org.apache.catalina.connector.Connector.stop(Connector.java:1138)
	at org.apache.catalina.core.StandardService.stop(StandardService.java:519)
	at org.apache.catalina.core.StandardServer.stop(StandardServer.java:734)
	at org.apache.catalina.startup.Catalina.stop(Catalina.java:602)
	at org.apache.catalina.startup.Catalina$CatalinaShutdownHook.run(Catalina.java:645)
Nov 10, 2009 9:38:10 PM org.apache.coyote.http11.Http11BaseProtocol destroy
INFO: Stopping Coyote HTTP/1.1 on http-127.0.0.1-443
Nov 10, 2009 9:38:10 PM org.apache.catalina.connector.Connector stop
SEVERE: Coyote connector has not been started
Nov 10, 2009 9:38:10 PM org.apache.catalina.core.AprLifecycleListener lifecycleEvent
INFO: Failed shutdown of Apache Portable Runtime
Nov 10, 2009 9:39:25 PM org.apache.catalina.core.AprLifecycleListener lifecycleEvent
INFO: The Apache Tomcat Native library which allows optimal performance in production environments was not found on the java.library.path: F:\projects\WebGoat_5_3\java\bin;.;C:\WINDOWS\Sun\Java\bin;C:\WINDOWS\system32;C:\WINDOWS;C:\WINDOWS\system32;C:\WINDOWS;C:\WINDOWS\System32\Wbem;C:\WINDOWS\system32\WindowsPowerShell\v1.0;C:\Program Files\Java\jdk1.6.0_13\bin;C:\Program Files\apache-maven-2.1.0\bin;C:\Program Files\apache-ant-1.7.1\bin;C:\cygwin\bin;c:\Program Files\Microsoft SQL Server\90\Tools\binn\;C:\Program Files\Ounce Labs\bin;C:\Program Files\Ounce Labs\MySQL\bin;C:\Program Files\TortoiseSVN\bin;C:\Program Files\IBM\AppScan Source\bin
Nov 10, 2009 9:39:25 PM org.apache.coyote.http11.Http11BaseProtocol init
INFO: Initializing Coyote HTTP/1.1 on http-127.0.0.1-80
Nov 10, 2009 9:39:25 PM org.apache.coyote.http11.Http11BaseProtocol init
SEVERE: Error initializing endpoint
java.io.FileNotFoundException: C:\Documents and Settings\Administrator\.keystore (The system cannot find the file specified)
	at java.io.FileInputStream.open(Native Method)
	at java.io.FileInputStream.<init>(FileInputStream.java:106)
	at org.apache.tomcat.util.net.jsse.JSSESocketFactory.getStore(JSSESocketFactory.java:290)
	at org.apache.tomcat.util.net.jsse.JSSESocketFactory.getKeystore(JSSESocketFactory.java:233)
	at org.apache.tomcat.util.net.jsse.JSSE14SocketFactory.getKeyManagers(JSSE14SocketFactory.java:145)
	at org.apache.tomcat.util.net.jsse.JSSE14SocketFactory.init(JSSE14SocketFactory.java:110)
	at org.apache.tomcat.util.net.jsse.JSSESocketFactory.createSocket(JSSESocketFactory.java:105)
	at org.apache.tomcat.util.net.PoolTcpEndpoint.initEndpoint(PoolTcpEndpoint.java:295)
	at org.apache.coyote.http11.Http11BaseProtocol.init(Http11BaseProtocol.java:139)
	at org.apache.catalina.connector.Connector.initialize(Connector.java:1017)
	at org.apache.catalina.core.StandardService.initialize(StandardService.java:578)
	at org.apache.catalina.core.StandardServer.initialize(StandardServer.java:782)
	at org.apache.catalina.startup.Catalina.load(Catalina.java:504)
	at org.apache.catalina.startup.Catalina.load(Catalina.java:524)
	at sun.reflect.NativeMethodAccessorImpl.invoke0(Native Method)
	at sun.reflect.NativeMethodAccessorImpl.invoke(NativeMethodAccessorImpl.java:39)
	at sun.reflect.DelegatingMethodAccessorImpl.invoke(DelegatingMethodAccessorImpl.java:25)
	at java.lang.reflect.Method.invoke(Method.java:597)
	at org.apache.catalina.startup.Bootstrap.load(Bootstrap.java:267)
	at org.apache.catalina.startup.Bootstrap.main(Bootstrap.java:432)
Nov 10, 2009 9:39:25 PM org.apache.catalina.startup.Catalina load
SEVERE: Catalina.start
LifecycleException:  Protocol handler initialization failed: java.io.FileNotFoundException: C:\Documents and Settings\Administrator\.keystore (The system cannot find the file specified)
	at org.apache.catalina.connector.Connector.initialize(Connector.java:1019)
	at org.apache.catalina.core.StandardService.initialize(StandardService.java:578)
	at org.apache.catalina.core.StandardServer.initialize(StandardServer.java:782)
	at org.apache.catalina.startup.Catalina.load(Catalina.java:504)
	at org.apache.catalina.startup.Catalina.load(Catalina.java:524)
	at sun.reflect.NativeMethodAccessorImpl.invoke0(Native Method)
	at sun.reflect.NativeMethodAccessorImpl.invoke(NativeMethodAccessorImpl.java:39)
	at sun.reflect.DelegatingMethodAccessorImpl.invoke(DelegatingMethodAccessorImpl.java:25)
	at java.lang.reflect.Method.invoke(Method.java:597)
	at org.apache.catalina.startup.Bootstrap.load(Bootstrap.java:267)
	at org.apache.catalina.startup.Bootstrap.main(Bootstrap.java:432)
Nov 10, 2009 9:39:25 PM org.apache.catalina.startup.Catalina load
INFO: Initialization processed in 453 ms
Nov 10, 2009 9:39:25 PM org.apache.catalina.core.StandardService start
INFO: Starting service Catalina
Nov 10, 2009 9:39:25 PM org.apache.catalina.core.StandardEngine start
INFO: Starting Servlet Engine: Apache Tomcat/5.5.28
Nov 10, 2009 9:39:25 PM org.apache.catalina.core.StandardHost start
INFO: XML validation disabled
Nov 10, 2009 9:39:25 PM org.apache.catalina.startup.HostConfig deployWAR
INFO: Deploying web application archive webgoat.war
Nov 10, 2009 9:39:32 PM org.apache.coyote.http11.Http11BaseProtocol start
INFO: Starting Coyote HTTP/1.1 on http-127.0.0.1-80
Nov 10, 2009 9:39:32 PM org.apache.coyote.http11.Http11BaseProtocol start
SEVERE: Error starting endpoint
java.io.FileNotFoundException: C:\Documents and Settings\Administrator\.keystore (The system cannot find the file specified)
	at java.io.FileInputStream.open(Native Method)
	at java.io.FileInputStream.<init>(FileInputStream.java:106)
	at org.apache.tomcat.util.net.jsse.JSSESocketFactory.getStore(JSSESocketFactory.java:290)
	at org.apache.tomcat.util.net.jsse.JSSESocketFactory.getKeystore(JSSESocketFactory.java:233)
	at org.apache.tomcat.util.net.jsse.JSSE14SocketFactory.getKeyManagers(JSSE14SocketFactory.java:145)
	at org.apache.tomcat.util.net.jsse.JSSE14SocketFactory.init(JSSE14SocketFactory.java:110)
	at org.apache.tomcat.util.net.jsse.JSSESocketFactory.createSocket(JSSESocketFactory.java:105)
	at org.apache.tomcat.util.net.PoolTcpEndpoint.initEndpoint(PoolTcpEndpoint.java:295)
	at org.apache.tomcat.util.net.PoolTcpEndpoint.startEndpoint(PoolTcpEndpoint.java:313)
	at org.apache.coyote.http11.Http11BaseProtocol.start(Http11BaseProtocol.java:151)
	at org.apache.coyote.http11.Http11Protocol.start(Http11Protocol.java:76)
	at org.apache.catalina.connector.Connector.start(Connector.java:1090)
	at org.apache.catalina.core.StandardService.start(StandardService.java:457)
	at org.apache.catalina.core.StandardServer.start(StandardServer.java:700)
	at org.apache.catalina.startup.Catalina.start(Catalina.java:552)
	at sun.reflect.NativeMethodAccessorImpl.invoke0(Native Method)
	at sun.reflect.NativeMethodAccessorImpl.invoke(NativeMethodAccessorImpl.java:39)
	at sun.reflect.DelegatingMethodAccessorImpl.invoke(DelegatingMethodAccessorImpl.java:25)
	at java.lang.reflect.Method.invoke(Method.java:597)
	at org.apache.catalina.startup.Bootstrap.start(Bootstrap.java:295)
	at org.apache.catalina.startup.Bootstrap.main(Bootstrap.java:433)
Nov 10, 2009 9:39:32 PM org.apache.catalina.startup.Catalina start
SEVERE: Catalina.start: 
LifecycleException:  service.getName(): "Catalina";  Protocol handler start failed: java.io.FileNotFoundException: C:\Documents and Settings\Administrator\.keystore (The system cannot find the file specified)
	at org.apache.catalina.connector.Connector.start(Connector.java:1097)
	at org.apache.catalina.core.StandardService.start(StandardService.java:457)
	at org.apache.catalina.core.StandardServer.start(StandardServer.java:700)
	at org.apache.catalina.startup.Catalina.start(Catalina.java:552)
	at sun.reflect.NativeMethodAccessorImpl.invoke0(Native Method)
	at sun.reflect.NativeMethodAccessorImpl.invoke(NativeMethodAccessorImpl.java:39)
	at sun.reflect.DelegatingMethodAccessorImpl.invoke(DelegatingMethodAccessorImpl.java:25)
	at java.lang.reflect.Method.invoke(Method.java:597)
	at org.apache.catalina.startup.Bootstrap.start(Bootstrap.java:295)
	at org.apache.catalina.startup.Bootstrap.main(Bootstrap.java:433)
Nov 10, 2009 9:39:32 PM org.apache.catalina.startup.Catalina start
INFO: Server startup in 7078 ms
Nov 10, 2009 9:41:08 PM org.apache.coyote.http11.Http11BaseProtocol pause
INFO: Pausing Coyote HTTP/1.1 on http-127.0.0.1-80
Nov 10, 2009 9:41:08 PM org.apache.coyote.http11.Http11BaseProtocol pause
INFO: Pausing Coyote HTTP/1.1 on http-127.0.0.1-443
Nov 10, 2009 9:41:09 PM org.apache.catalina.core.StandardService stop
INFO: Stopping service Catalina
Nov 10, 2009 9:41:09 PM org.apache.coyote.http11.Http11BaseProtocol destroy
INFO: Stopping Coyote HTTP/1.1 on http-127.0.0.1-80
Nov 10, 2009 9:41:09 PM org.apache.catalina.connector.MapperListener destroy
WARNING: Error unregistering MBeanServerDelegate
java.lang.NullPointerException
	at org.apache.catalina.connector.MapperListener.destroy(MapperListener.java:173)
	at org.apache.catalina.connector.Connector.stop(Connector.java:1138)
	at org.apache.catalina.core.StandardService.stop(StandardService.java:519)
	at org.apache.catalina.core.StandardServer.stop(StandardServer.java:734)
	at org.apache.catalina.startup.Catalina.stop(Catalina.java:602)
	at org.apache.catalina.startup.Catalina$CatalinaShutdownHook.run(Catalina.java:645)
Nov 10, 2009 9:41:09 PM org.apache.coyote.http11.Http11BaseProtocol destroy
INFO: Stopping Coyote HTTP/1.1 on http-127.0.0.1-443
Nov 10, 2009 9:41:09 PM org.apache.catalina.connector.Connector stop
SEVERE: Coyote connector has not been started
Nov 10, 2009 9:41:09 PM org.apache.catalina.core.AprLifecycleListener lifecycleEvent
INFO: Failed shutdown of Apache Portable Runtime
Nov 10, 2009 9:41:16 PM org.apache.catalina.core.AprLifecycleListener lifecycleEvent
INFO: The Apache Tomcat Native library which allows optimal performance in production environments was not found on the java.library.path: F:\projects\WebGoat_5_3\java\bin;.;C:\WINDOWS\Sun\Java\bin;C:\WINDOWS\system32;C:\WINDOWS;C:\WINDOWS\system32;C:\WINDOWS;C:\WINDOWS\System32\Wbem;C:\WINDOWS\system32\WindowsPowerShell\v1.0;C:\Program Files\Java\jdk1.6.0_13\bin;C:\Program Files\apache-maven-2.1.0\bin;C:\Program Files\apache-ant-1.7.1\bin;C:\cygwin\bin;c:\Program Files\Microsoft SQL Server\90\Tools\binn\;C:\Program Files\Ounce Labs\bin;C:\Program Files\Ounce Labs\MySQL\bin;C:\Program Files\TortoiseSVN\bin;C:\Program Files\IBM\AppScan Source\bin
Nov 10, 2009 9:41:16 PM org.apache.coyote.http11.Http11BaseProtocol init
SEVERE: Error initializing endpoint
java.io.FileNotFoundException: C:\Documents and Settings\Administrator\.keystore (The system cannot find the file specified)
	at java.io.FileInputStream.open(Native Method)
	at java.io.FileInputStream.<init>(FileInputStream.java:106)
	at org.apache.tomcat.util.net.jsse.JSSESocketFactory.getStore(JSSESocketFactory.java:290)
	at org.apache.tomcat.util.net.jsse.JSSESocketFactory.getKeystore(JSSESocketFactory.java:233)
	at org.apache.tomcat.util.net.jsse.JSSE14SocketFactory.getKeyManagers(JSSE14SocketFactory.java:145)
	at org.apache.tomcat.util.net.jsse.JSSE14SocketFactory.init(JSSE14SocketFactory.java:110)
	at org.apache.tomcat.util.net.jsse.JSSESocketFactory.createSocket(JSSESocketFactory.java:105)
	at org.apache.tomcat.util.net.PoolTcpEndpoint.initEndpoint(PoolTcpEndpoint.java:295)
	at org.apache.coyote.http11.Http11BaseProtocol.init(Http11BaseProtocol.java:139)
	at org.apache.catalina.connector.Connector.initialize(Connector.java:1017)
	at org.apache.catalina.core.StandardService.initialize(StandardService.java:578)
	at org.apache.catalina.core.StandardServer.initialize(StandardServer.java:782)
	at org.apache.catalina.startup.Catalina.load(Catalina.java:504)
	at org.apache.catalina.startup.Catalina.load(Catalina.java:524)
	at sun.reflect.NativeMethodAccessorImpl.invoke0(Native Method)
	at sun.reflect.NativeMethodAccessorImpl.invoke(NativeMethodAccessorImpl.java:39)
	at sun.reflect.DelegatingMethodAccessorImpl.invoke(DelegatingMethodAccessorImpl.java:25)
	at java.lang.reflect.Method.invoke(Method.java:597)
	at org.apache.catalina.startup.Bootstrap.load(Bootstrap.java:267)
	at org.apache.catalina.startup.Bootstrap.main(Bootstrap.java:432)
Nov 10, 2009 9:41:16 PM org.apache.catalina.startup.Catalina load
SEVERE: Catalina.start
LifecycleException:  Protocol handler initialization failed: java.io.FileNotFoundException: C:\Documents and Settings\Administrator\.keystore (The system cannot find the file specified)
	at org.apache.catalina.connector.Connector.initialize(Connector.java:1019)
	at org.apache.catalina.core.StandardService.initialize(StandardService.java:578)
	at org.apache.catalina.core.StandardServer.initialize(StandardServer.java:782)
	at org.apache.catalina.startup.Catalina.load(Catalina.java:504)
	at org.apache.catalina.startup.Catalina.load(Catalina.java:524)
	at sun.reflect.NativeMethodAccessorImpl.invoke0(Native Method)
	at sun.reflect.NativeMethodAccessorImpl.invoke(NativeMethodAccessorImpl.java:39)
	at sun.reflect.DelegatingMethodAccessorImpl.invoke(DelegatingMethodAccessorImpl.java:25)
	at java.lang.reflect.Method.invoke(Method.java:597)
	at org.apache.catalina.startup.Bootstrap.load(Bootstrap.java:267)
	at org.apache.catalina.startup.Bootstrap.main(Bootstrap.java:432)
Nov 10, 2009 9:41:16 PM org.apache.catalina.startup.Catalina load
INFO: Initialization processed in 421 ms
Nov 10, 2009 9:41:16 PM org.apache.catalina.core.StandardService start
INFO: Starting service Catalina
Nov 10, 2009 9:41:16 PM org.apache.catalina.core.StandardEngine start
INFO: Starting Servlet Engine: Apache Tomcat/5.5.28
Nov 10, 2009 9:41:16 PM org.apache.catalina.core.StandardHost start
INFO: XML validation disabled
Nov 10, 2009 9:41:16 PM org.apache.catalina.startup.HostConfig deployWAR
INFO: Deploying web application archive webgoat.war
Nov 10, 2009 9:41:17 PM org.apache.coyote.http11.Http11BaseProtocol start
SEVERE: Error starting endpoint
java.io.FileNotFoundException: C:\Documents and Settings\Administrator\.keystore (The system cannot find the file specified)
	at java.io.FileInputStream.open(Native Method)
	at java.io.FileInputStream.<init>(FileInputStream.java:106)
	at org.apache.tomcat.util.net.jsse.JSSESocketFactory.getStore(JSSESocketFactory.java:290)
	at org.apache.tomcat.util.net.jsse.JSSESocketFactory.getKeystore(JSSESocketFactory.java:233)
	at org.apache.tomcat.util.net.jsse.JSSE14SocketFactory.getKeyManagers(JSSE14SocketFactory.java:145)
	at org.apache.tomcat.util.net.jsse.JSSE14SocketFactory.init(JSSE14SocketFactory.java:110)
	at org.apache.tomcat.util.net.jsse.JSSESocketFactory.createSocket(JSSESocketFactory.java:105)
	at org.apache.tomcat.util.net.PoolTcpEndpoint.initEndpoint(PoolTcpEndpoint.java:295)
	at org.apache.tomcat.util.net.PoolTcpEndpoint.startEndpoint(PoolTcpEndpoint.java:313)
	at org.apache.coyote.http11.Http11BaseProtocol.start(Http11BaseProtocol.java:151)
	at org.apache.coyote.http11.Http11Protocol.start(Http11Protocol.java:76)
	at org.apache.catalina.connector.Connector.start(Connector.java:1090)
	at org.apache.catalina.core.StandardService.start(StandardService.java:457)
	at org.apache.catalina.core.StandardServer.start(StandardServer.java:700)
	at org.apache.catalina.startup.Catalina.start(Catalina.java:552)
	at sun.reflect.NativeMethodAccessorImpl.invoke0(Native Method)
	at sun.reflect.NativeMethodAccessorImpl.invoke(NativeMethodAccessorImpl.java:39)
	at sun.reflect.DelegatingMethodAccessorImpl.invoke(DelegatingMethodAccessorImpl.java:25)
	at java.lang.reflect.Method.invoke(Method.java:597)
	at org.apache.catalina.startup.Bootstrap.start(Bootstrap.java:295)
	at org.apache.catalina.startup.Bootstrap.main(Bootstrap.java:433)
Nov 10, 2009 9:41:17 PM org.apache.catalina.startup.Catalina start
SEVERE: Catalina.start: 
LifecycleException:  service.getName(): "Catalina";  Protocol handler start failed: java.io.FileNotFoundException: C:\Documents and Settings\Administrator\.keystore (The system cannot find the file specified)
	at org.apache.catalina.connector.Connector.start(Connector.java:1097)
	at org.apache.catalina.core.StandardService.start(StandardService.java:457)
	at org.apache.catalina.core.StandardServer.start(StandardServer.java:700)
	at org.apache.catalina.startup.Catalina.start(Catalina.java:552)
	at sun.reflect.NativeMethodAccessorImpl.invoke0(Native Method)
	at sun.reflect.NativeMethodAccessorImpl.invoke(NativeMethodAccessorImpl.java:39)
	at sun.reflect.DelegatingMethodAccessorImpl.invoke(DelegatingMethodAccessorImpl.java:25)
	at java.lang.reflect.Method.invoke(Method.java:597)
	at org.apache.catalina.startup.Bootstrap.start(Bootstrap.java:295)
	at org.apache.catalina.startup.Bootstrap.main(Bootstrap.java:433)
Nov 10, 2009 9:41:17 PM org.apache.catalina.startup.Catalina start
INFO: Server startup in 938 ms
Nov 10, 2009 9:41:50 PM org.apache.coyote.http11.Http11BaseProtocol pause
INFO: Pausing Coyote HTTP/1.1 on http-127.0.0.1-443
Nov 10, 2009 9:41:51 PM org.apache.catalina.core.StandardService stop
INFO: Stopping service Catalina
Nov 10, 2009 9:41:51 PM org.apache.catalina.connector.MapperListener destroy
WARNING: Error unregistering MBeanServerDelegate
java.lang.NullPointerException
	at org.apache.catalina.connector.MapperListener.destroy(MapperListener.java:173)
	at org.apache.catalina.connector.Connector.stop(Connector.java:1138)
	at org.apache.catalina.core.StandardService.stop(StandardService.java:519)
	at org.apache.catalina.core.StandardServer.stop(StandardServer.java:734)
	at org.apache.catalina.startup.Catalina.stop(Catalina.java:602)
	at org.apache.catalina.startup.Catalina$CatalinaShutdownHook.run(Catalina.java:645)
Nov 10, 2009 9:41:51 PM org.apache.coyote.http11.Http11BaseProtocol destroy
INFO: Stopping Coyote HTTP/1.1 on http-127.0.0.1-443
Nov 10, 2009 9:41:51 PM org.apache.catalina.connector.Connector stop
SEVERE: Coyote connector has not been started
Nov 10, 2009 9:41:51 PM org.apache.catalina.core.AprLifecycleListener lifecycleEvent
INFO: Failed shutdown of Apache Portable Runtime
Nov 10, 2009 9:43:20 PM org.apache.catalina.core.AprLifecycleListener lifecycleEvent
INFO: The Apache Tomcat Native library which allows optimal performance in production environments was not found on the java.library.path: F:\projects\WebGoat_5_3\java\bin;.;C:\WINDOWS\Sun\Java\bin;C:\WINDOWS\system32;C:\WINDOWS;C:\WINDOWS\system32;C:\WINDOWS;C:\WINDOWS\System32\Wbem;C:\WINDOWS\system32\WindowsPowerShell\v1.0;C:\Program Files\Java\jdk1.6.0_13\bin;C:\Program Files\apache-maven-2.1.0\bin;C:\Program Files\apache-ant-1.7.1\bin;C:\cygwin\bin;c:\Program Files\Microsoft SQL Server\90\Tools\binn\;C:\Program Files\Ounce Labs\bin;C:\Program Files\Ounce Labs\MySQL\bin;C:\Program Files\TortoiseSVN\bin;C:\Program Files\IBM\AppScan Source\bin
Nov 10, 2009 9:43:21 PM org.apache.catalina.startup.Catalina load
INFO: Initialization processed in 375 ms
Nov 10, 2009 9:43:21 PM org.apache.catalina.core.StandardService start
INFO: Starting service Catalina
Nov 10, 2009 9:43:21 PM org.apache.catalina.core.StandardEngine start
INFO: Starting Servlet Engine: Apache Tomcat/5.5.28
Nov 10, 2009 9:43:21 PM org.apache.catalina.core.StandardHost start
INFO: XML validation disabled
Nov 10, 2009 9:43:21 PM org.apache.catalina.startup.HostConfig deployWAR
INFO: Deploying web application archive webgoat.war
Nov 10, 2009 9:43:22 PM org.apache.jk.common.ChannelSocket init
INFO: JK: ajp13 listening on /0.0.0.0:8009
Nov 10, 2009 9:43:22 PM org.apache.jk.server.JkMain start
INFO: Jk running ID=0 time=0/78  config=null
Nov 10, 2009 9:43:22 PM org.apache.catalina.storeconfig.StoreLoader load
INFO: Find registry server-registry.xml at classpath resource
Nov 10, 2009 9:43:22 PM org.apache.catalina.startup.Catalina start
INFO: Server startup in 1141 ms
Nov 10, 2009 9:46:24 PM org.apache.catalina.core.StandardService stop
INFO: Stopping service Catalina
Nov 10, 2009 9:46:24 PM org.apache.catalina.core.AprLifecycleListener lifecycleEvent
INFO: Failed shutdown of Apache Portable Runtime
Nov 10, 2009 9:46:29 PM org.apache.catalina.core.AprLifecycleListener lifecycleEvent
INFO: The Apache Tomcat Native library which allows optimal performance in production environments was not found on the java.library.path: F:\projects\WebGoat_5_3\java\bin;.;C:\WINDOWS\Sun\Java\bin;C:\WINDOWS\system32;C:\WINDOWS;C:\WINDOWS\system32;C:\WINDOWS;C:\WINDOWS\System32\Wbem;C:\WINDOWS\system32\WindowsPowerShell\v1.0;C:\Program Files\Java\jdk1.6.0_13\bin;C:\Program Files\apache-maven-2.1.0\bin;C:\Program Files\apache-ant-1.7.1\bin;C:\cygwin\bin;c:\Program Files\Microsoft SQL Server\90\Tools\binn\;C:\Program Files\Ounce Labs\bin;C:\Program Files\Ounce Labs\MySQL\bin;C:\Program Files\TortoiseSVN\bin;C:\Program Files\IBM\AppScan Source\bin
Nov 10, 2009 9:46:29 PM org.apache.coyote.http11.Http11BaseProtocol init
INFO: Initializing Coyote HTTP/1.1 on http-127.0.0.1-80
Nov 10, 2009 9:46:29 PM org.apache.catalina.startup.Catalina load
INFO: Initialization processed in 407 ms
Nov 10, 2009 9:46:29 PM org.apache.catalina.core.StandardService start
INFO: Starting service Catalina
Nov 10, 2009 9:46:29 PM org.apache.catalina.core.StandardEngine start
INFO: Starting Servlet Engine: Apache Tomcat/5.5.28
Nov 10, 2009 9:46:29 PM org.apache.catalina.core.StandardHost start
INFO: XML validation disabled
Nov 10, 2009 9:46:29 PM org.apache.catalina.startup.HostConfig deployWAR
INFO: Deploying web application archive webgoat.war
Nov 10, 2009 9:46:30 PM org.apache.coyote.http11.Http11BaseProtocol start
INFO: Starting Coyote HTTP/1.1 on http-127.0.0.1-80
Nov 10, 2009 9:46:30 PM org.apache.jk.common.ChannelSocket init
INFO: JK: ajp13 listening on /0.0.0.0:8009
Nov 10, 2009 9:46:30 PM org.apache.jk.server.JkMain start
INFO: Jk running ID=0 time=0/31  config=null
Nov 10, 2009 9:46:30 PM org.apache.catalina.storeconfig.StoreLoader load
INFO: Find registry server-registry.xml at classpath resource
Nov 10, 2009 9:46:30 PM org.apache.catalina.startup.Catalina start
INFO: Server startup in 1093 ms
Nov 10, 2009 9:50:14 PM org.apache.coyote.http11.Http11BaseProtocol pause
INFO: Pausing Coyote HTTP/1.1 on http-127.0.0.1-80
Nov 10, 2009 9:50:16 PM org.apache.catalina.core.StandardService stop
INFO: Stopping service Catalina
Nov 10, 2009 9:50:17 PM org.apache.coyote.http11.Http11BaseProtocol destroy
INFO: Stopping Coyote HTTP/1.1 on http-127.0.0.1-80
Nov 10, 2009 9:50:17 PM org.apache.catalina.core.AprLifecycleListener lifecycleEvent
INFO: Failed shutdown of Apache Portable Runtime
Nov 10, 2009 9:56:48 PM org.apache.catalina.core.AprLifecycleListener lifecycleEvent
INFO: The Apache Tomcat Native library which allows optimal performance in production environments was not found on the java.library.path: F:\projects\WebGoat_5_3\java\bin;.;C:\WINDOWS\Sun\Java\bin;C:\WINDOWS\system32;C:\WINDOWS;C:\WINDOWS\system32;C:\WINDOWS;C:\WINDOWS\System32\Wbem;C:\WINDOWS\system32\WindowsPowerShell\v1.0;C:\Program Files\Java\jdk1.6.0_13\bin;C:\Program Files\apache-maven-2.1.0\bin;C:\Program Files\apache-ant-1.7.1\bin;C:\cygwin\bin;c:\Program Files\Microsoft SQL Server\90\Tools\binn\;C:\Program Files\Ounce Labs\bin;C:\Program Files\Ounce Labs\MySQL\bin;C:\Program Files\TortoiseSVN\bin;C:\Program Files\IBM\AppScan Source\bin
Nov 10, 2009 9:56:48 PM org.apache.coyote.http11.Http11BaseProtocol init
INFO: Initializing Coyote HTTP/1.1 on http-127.0.0.1-80
Nov 10, 2009 9:56:48 PM org.apache.catalina.startup.Catalina load
INFO: Initialization processed in 437 ms
Nov 10, 2009 9:56:48 PM org.apache.catalina.core.StandardService start
INFO: Starting service Catalina
Nov 10, 2009 9:56:48 PM org.apache.catalina.core.StandardEngine start
INFO: Starting Servlet Engine: Apache Tomcat/5.5.28
Nov 10, 2009 9:56:48 PM org.apache.catalina.core.StandardHost start
INFO: XML validation disabled
Nov 10, 2009 9:56:48 PM org.apache.catalina.startup.HostConfig deployWAR
INFO: Deploying web application archive webgoat.war
Nov 10, 2009 9:56:49 PM org.apache.coyote.http11.Http11BaseProtocol start
INFO: Starting Coyote HTTP/1.1 on http-127.0.0.1-80
Nov 10, 2009 9:56:49 PM org.apache.jk.common.ChannelSocket init
INFO: JK: ajp13 listening on /0.0.0.0:8009
Nov 10, 2009 9:56:49 PM org.apache.jk.server.JkMain start
INFO: Jk running ID=0 time=0/31  config=null
Nov 10, 2009 9:56:49 PM org.apache.catalina.storeconfig.StoreLoader load
INFO: Find registry server-registry.xml at classpath resource
Nov 10, 2009 9:56:49 PM org.apache.catalina.startup.Catalina start
INFO: Server startup in 1125 ms
Nov 10, 2009 9:57:10 PM org.apache.coyote.http11.Http11BaseProtocol pause
INFO: Pausing Coyote HTTP/1.1 on http-127.0.0.1-80
Nov 10, 2009 9:57:11 PM org.apache.catalina.core.StandardService stop
INFO: Stopping service Catalina
Nov 10, 2009 9:57:11 PM org.apache.coyote.http11.Http11BaseProtocol destroy
INFO: Stopping Coyote HTTP/1.1 on http-127.0.0.1-80
Nov 10, 2009 9:57:11 PM org.apache.catalina.core.AprLifecycleListener lifecycleEvent
INFO: Failed shutdown of Apache Portable Runtime
Nov 10, 2009 9:58:12 PM org.apache.catalina.core.AprLifecycleListener lifecycleEvent
INFO: The Apache Tomcat Native library which allows optimal performance in production environments was not found on the java.library.path: F:\projects\WebGoat_5_3\java\bin;.;C:\WINDOWS\Sun\Java\bin;C:\WINDOWS\system32;C:\WINDOWS;C:\WINDOWS\system32;C:\WINDOWS;C:\WINDOWS\System32\Wbem;C:\WINDOWS\system32\WindowsPowerShell\v1.0;C:\Program Files\Java\jdk1.6.0_13\bin;C:\Program Files\apache-maven-2.1.0\bin;C:\Program Files\apache-ant-1.7.1\bin;C:\cygwin\bin;c:\Program Files\Microsoft SQL Server\90\Tools\binn\;C:\Program Files\Ounce Labs\bin;C:\Program Files\Ounce Labs\MySQL\bin;C:\Program Files\TortoiseSVN\bin;C:\Program Files\IBM\AppScan Source\bin
Nov 10, 2009 9:58:12 PM org.apache.coyote.http11.Http11BaseProtocol init
INFO: Initializing Coyote HTTP/1.1 on http-127.0.0.1-8080
Nov 10, 2009 9:58:12 PM org.apache.catalina.startup.Catalina load
INFO: Initialization processed in 422 ms
Nov 10, 2009 9:58:12 PM org.apache.catalina.core.StandardService start
INFO: Starting service Catalina
Nov 10, 2009 9:58:12 PM org.apache.catalina.core.StandardEngine start
INFO: Starting Servlet Engine: Apache Tomcat/5.5.28
Nov 10, 2009 9:58:12 PM org.apache.catalina.core.StandardHost start
INFO: XML validation disabled
Nov 10, 2009 9:58:12 PM org.apache.catalina.startup.HostConfig deployWAR
INFO: Deploying web application archive webgoat.war
Nov 10, 2009 9:58:13 PM org.apache.coyote.http11.Http11BaseProtocol start
INFO: Starting Coyote HTTP/1.1 on http-127.0.0.1-8080
Nov 10, 2009 9:58:13 PM org.apache.jk.common.ChannelSocket init
INFO: JK: ajp13 listening on /0.0.0.0:8009
Nov 10, 2009 9:58:13 PM org.apache.jk.server.JkMain start
INFO: Jk running ID=0 time=0/16  config=null
Nov 10, 2009 9:58:13 PM org.apache.catalina.storeconfig.StoreLoader load
INFO: Find registry server-registry.xml at classpath resource
Nov 10, 2009 9:58:13 PM org.apache.catalina.startup.Catalina start
INFO: Server startup in 1094 ms
Nov 10, 2009 10:40:19 PM org.apache.coyote.http11.Http11BaseProtocol pause
INFO: Pausing Coyote HTTP/1.1 on http-127.0.0.1-8080
Nov 10, 2009 10:40:20 PM org.apache.catalina.core.StandardService stop
INFO: Stopping service Catalina
Nov 10, 2009 10:40:21 PM org.apache.coyote.http11.Http11BaseProtocol destroy
INFO: Stopping Coyote HTTP/1.1 on http-127.0.0.1-8080
Nov 10, 2009 10:40:21 PM org.apache.catalina.core.AprLifecycleListener lifecycleEvent
INFO: Failed shutdown of Apache Portable Runtime
